2023-05-08 13:07:23.150 [main] INFO  c.c.s.i.WebDriverThreadLocalContainer - No webdriver is bound to current thread: 1 - let's create a new webdriver
2023-05-08 13:07:23.193 [main] INFO  c.codeborne.selenide.impl.FileHelper - Creating folder: C:\Users\Filip\IdeaProjects\LTUCourseInfromation\build\downloads\1683544043175_32968_1
2023-05-08 13:07:23.478 [main] INFO  i.g.bonigarcia.wdm.WebDriverManager - Using chromedriver 113.0.5672.63 (resolved driver for Chrome 113)
2023-05-08 13:07:23.498 [main] INFO  i.g.bonigarcia.wdm.WebDriverManager - Exporting webdriver.chrome.driver as C:\Users\Filip\.cache\selenium\chromedriver\win32\113.0.5672.63\chromedriver.exe
2023-05-08 13:07:23.571 [main] INFO  c.c.s.w.SelenideNettyClientFactory - Changed readTimeout from PT3M to PT1M30S
2023-05-08 13:07:24.560 [main] INFO  c.c.s.w.SelenideNettyClientFactory - Changed readTimeout from PT3M to PT1M30S
2023-05-08 13:07:24.566 [main] INFO  c.c.s.w.SelenideNettyClientFactory - Changed readTimeout from PT3M to PT1M30S
2023-05-08 13:07:24.614 [main] INFO  c.c.s.webdriver.WebDriverFactory - BrowserName=chrome Version=113.0.5672.63 Platform=WINDOWS
2023-05-08 13:07:24.614 [main] INFO  c.c.s.webdriver.WebDriverFactory - Selenide v. 6.13.0
2023-05-08 13:07:24.614 [main] INFO  c.c.s.webdriver.WebDriverFactory - Selenium WebDriver v. 4.8.3 build revision: e5e76298c3
2023-05-08 13:07:24.614 [main] INFO  c.c.s.d.CreateDriverCommand - Created webdriver in thread 1: ChromeDriver -> ChromeDriver: chrome on WINDOWS (36753f2bfae460d682c72a6038f1811b)
2023-05-08 13:07:24.615 [main] INFO  c.c.s.d.DisposablesRegistry - Register WebDriverInstance[config=StaticConfig,webDriver=ChromeDriver: chrome on WINDOWS (36753f2bfae460d682c72a6038f1811b),proxy=null,downloadsFolder=C:\Users\Filip\IdeaProjects\LTUCourseInfromation\build\downloads\1683544043175_32968_1] in 1 [size=1]
2023-05-08 13:07:24.616 [main] INFO  c.c.s.d.DisposablesRegistry - Add shutdown hook in 1 [size=1]
2023-05-08 13:07:24.616 [main] INFO  c.c.s.i.WebDriverThreadLocalContainer - Browser and proxy will stay open due to holdBrowserOpen=true: 1 -> ChromeDriver: chrome on WINDOWS (36753f2bfae460d682c72a6038f1811b), null
2023-05-08 13:07:25.143 [main] INFO  LTUTestCase - Successfully opened webpage: Luleå tekniska universitet, LTU
2023-05-08 13:07:25.264 [main] INFO  LTUTestCase - Cockies notification has been closed
2023-05-08 13:07:25.621 [main] INFO  LTUTestCase - Student button successfully clicked
2023-05-08 13:07:26.047 [main] INFO  LTUTestCase - Login button successfully clicked
2023-05-08 13:07:27.758 [main] INFO  LTUTestCase - Credentials successfully entered and login button pressed
2023-05-08 13:07:31.876 [main] INFO  LTUTestCase - Kronox window selected
2023-05-08 13:07:31.963 [main] INFO  LTUTestCase - Username entered
2023-05-08 13:07:32.010 [main] INFO  LTUTestCase - Password entered
2023-05-08 13:07:32.444 [main] INFO  LTUTestCase - User logged in
2023-05-08 13:07:34.210 [main] INFO  LTUTestCase - Opened activity view
2023-05-08 13:07:34.307 [Thread-2] INFO  c.c.s.d.DisposablesRegistry - Run cleanup: size=1
2023-05-08 13:07:34.308 [Thread-2] INFO  c.c.s.d.CloseDriverCommand - Hold browser and proxy open: 30 -> ChromeDriver: chrome on WINDOWS (36753f2bfae460d682c72a6038f1811b), null
2023-05-08 13:07:34.308 [Thread-2] INFO  c.c.s.d.DisposablesRegistry - Finished cleanup
2023-05-08 13:12:33.321 [main] INFO  c.c.s.i.WebDriverThreadLocalContainer - No webdriver is bound to current thread: 1 - let's create a new webdriver
2023-05-08 13:12:33.371 [main] INFO  c.codeborne.selenide.impl.FileHelper - Creating folder: C:\Users\Filip\IdeaProjects\LTUCourseInfromation\build\downloads\1683544353352_12188_1
2023-05-08 13:12:33.751 [main] INFO  i.g.bonigarcia.wdm.WebDriverManager - Using chromedriver 113.0.5672.63 (resolved driver for Chrome 113)
2023-05-08 13:12:33.772 [main] INFO  i.g.bonigarcia.wdm.WebDriverManager - Exporting webdriver.chrome.driver as C:\Users\Filip\.cache\selenium\chromedriver\win32\113.0.5672.63\chromedriver.exe
2023-05-08 13:12:33.851 [main] INFO  c.c.s.w.SelenideNettyClientFactory - Changed readTimeout from PT3M to PT1M30S
2023-05-08 13:12:34.909 [main] INFO  c.c.s.w.SelenideNettyClientFactory - Changed readTimeout from PT3M to PT1M30S
2023-05-08 13:12:34.917 [main] INFO  c.c.s.w.SelenideNettyClientFactory - Changed readTimeout from PT3M to PT1M30S
2023-05-08 13:12:34.967 [main] INFO  c.c.s.webdriver.WebDriverFactory - BrowserName=chrome Version=113.0.5672.63 Platform=WINDOWS
2023-05-08 13:12:34.967 [main] INFO  c.c.s.webdriver.WebDriverFactory - Selenide v. 6.13.0
2023-05-08 13:12:34.967 [main] INFO  c.c.s.webdriver.WebDriverFactory - Selenium WebDriver v. 4.8.3 build revision: e5e76298c3
2023-05-08 13:12:34.967 [main] INFO  c.c.s.d.CreateDriverCommand - Created webdriver in thread 1: ChromeDriver -> ChromeDriver: chrome on WINDOWS (11674cc9903c221478e17cd3864caf2e)
2023-05-08 13:12:34.969 [main] INFO  c.c.s.d.DisposablesRegistry - Register WebDriverInstance[config=StaticConfig,webDriver=ChromeDriver: chrome on WINDOWS (11674cc9903c221478e17cd3864caf2e),proxy=null,downloadsFolder=C:\Users\Filip\IdeaProjects\LTUCourseInfromation\build\downloads\1683544353352_12188_1] in 1 [size=1]
2023-05-08 13:12:34.969 [main] INFO  c.c.s.d.DisposablesRegistry - Add shutdown hook in 1 [size=1]
2023-05-08 13:12:34.969 [main] INFO  c.c.s.i.WebDriverThreadLocalContainer - Browser and proxy will stay open due to holdBrowserOpen=true: 1 -> ChromeDriver: chrome on WINDOWS (11674cc9903c221478e17cd3864caf2e), null
2023-05-08 13:12:35.476 [main] INFO  LTUTestCase - Successfully opened webpage: Luleå tekniska universitet, LTU
2023-05-08 13:12:35.609 [main] INFO  LTUTestCase - Cockies notification has been closed
2023-05-08 13:12:35.969 [main] INFO  LTUTestCase - Student button successfully clicked
2023-05-08 13:12:36.457 [main] INFO  LTUTestCase - Login button successfully clicked
2023-05-08 13:12:38.108 [main] INFO  LTUTestCase - Credentials successfully entered and login button pressed
2023-05-08 13:12:42.233 [main] INFO  LTUTestCase - Kronox window selected
2023-05-08 13:12:42.313 [main] INFO  LTUTestCase - Username entered
2023-05-08 13:12:42.358 [main] INFO  LTUTestCase - Password entered
2023-05-08 13:12:42.748 [main] INFO  LTUTestCase - User logged in
2023-05-08 13:12:44.531 [main] INFO  LTUTestCase - Opened activity view
2023-05-08 13:12:44.623 [Thread-2] INFO  c.c.s.d.DisposablesRegistry - Run cleanup: size=1
2023-05-08 13:12:44.623 [Thread-2] INFO  c.c.s.d.CloseDriverCommand - Hold browser and proxy open: 30 -> ChromeDriver: chrome on WINDOWS (11674cc9903c221478e17cd3864caf2e), null
2023-05-08 13:12:44.624 [Thread-2] INFO  c.c.s.d.DisposablesRegistry - Finished cleanup
2023-05-08 13:20:55.526 [main] INFO  c.c.s.i.WebDriverThreadLocalContainer - No webdriver is bound to current thread: 1 - let's create a new webdriver
2023-05-08 13:20:55.569 [main] INFO  c.codeborne.selenide.impl.FileHelper - Creating folder: C:\Users\Filip\IdeaProjects\LTUCourseInfromation\build\downloads\1683544855550_27172_1
2023-05-08 13:20:55.859 [main] INFO  i.g.bonigarcia.wdm.WebDriverManager - Using chromedriver 113.0.5672.63 (resolved driver for Chrome 113)
2023-05-08 13:20:55.876 [main] INFO  i.g.bonigarcia.wdm.WebDriverManager - Exporting webdriver.chrome.driver as C:\Users\Filip\.cache\selenium\chromedriver\win32\113.0.5672.63\chromedriver.exe
2023-05-08 13:20:55.946 [main] INFO  c.c.s.w.SelenideNettyClientFactory - Changed readTimeout from PT3M to PT1M30S
2023-05-08 13:20:56.942 [main] INFO  c.c.s.w.SelenideNettyClientFactory - Changed readTimeout from PT3M to PT1M30S
2023-05-08 13:20:56.948 [main] INFO  c.c.s.w.SelenideNettyClientFactory - Changed readTimeout from PT3M to PT1M30S
2023-05-08 13:20:56.995 [main] INFO  c.c.s.webdriver.WebDriverFactory - BrowserName=chrome Version=113.0.5672.63 Platform=WINDOWS
2023-05-08 13:20:56.995 [main] INFO  c.c.s.webdriver.WebDriverFactory - Selenide v. 6.13.0
2023-05-08 13:20:56.995 [main] INFO  c.c.s.webdriver.WebDriverFactory - Selenium WebDriver v. 4.8.3 build revision: e5e76298c3
2023-05-08 13:20:56.995 [main] INFO  c.c.s.d.CreateDriverCommand - Created webdriver in thread 1: ChromeDriver -> ChromeDriver: chrome on WINDOWS (53f62c3b8f1ed3eeaa043f41d2022f12)
2023-05-08 13:20:56.997 [main] INFO  c.c.s.d.DisposablesRegistry - Register WebDriverInstance[config=StaticConfig,webDriver=ChromeDriver: chrome on WINDOWS (53f62c3b8f1ed3eeaa043f41d2022f12),proxy=null,downloadsFolder=C:\Users\Filip\IdeaProjects\LTUCourseInfromation\build\downloads\1683544855550_27172_1] in 1 [size=1]
2023-05-08 13:20:56.997 [main] INFO  c.c.s.d.DisposablesRegistry - Add shutdown hook in 1 [size=1]
2023-05-08 13:20:56.997 [main] INFO  c.c.s.i.WebDriverThreadLocalContainer - Browser and proxy will stay open due to holdBrowserOpen=true: 1 -> ChromeDriver: chrome on WINDOWS (53f62c3b8f1ed3eeaa043f41d2022f12), null
2023-05-08 13:20:57.434 [main] INFO  LTUTestCase - Successfully opened webpage: Luleå tekniska universitet, LTU
2023-05-08 13:20:57.563 [main] INFO  LTUTestCase - Cockies notification has been closed
2023-05-08 13:20:57.906 [main] INFO  LTUTestCase - Student button successfully clicked
2023-05-08 13:20:58.328 [main] INFO  LTUTestCase - Login button successfully clicked
2023-05-08 13:21:00.004 [main] INFO  LTUTestCase - Credentials successfully entered and login button pressed
2023-05-08 13:21:02.147 [main] INFO  LTUTestCase - Kronox window selected
2023-05-08 13:21:02.248 [main] INFO  LTUTestCase - Username entered
2023-05-08 13:21:02.302 [main] INFO  LTUTestCase - Password entered
2023-05-08 13:21:02.720 [main] INFO  LTUTestCase - User logged in
2023-05-08 13:21:04.592 [main] INFO  LTUTestCase - Opened activity view
2023-05-08 13:21:04.676 [main] INFO  LTUTestCase - Infromation about exam collected
2023-05-08 13:21:04.676 [main] INFO  LTUTestCase - Information on website is not correct
2023-05-08 13:21:04.676 [Thread-2] INFO  c.c.s.d.DisposablesRegistry - Run cleanup: size=1
2023-05-08 13:21:04.677 [Thread-2] INFO  c.c.s.d.CloseDriverCommand - Hold browser and proxy open: 30 -> ChromeDriver: chrome on WINDOWS (53f62c3b8f1ed3eeaa043f41d2022f12), null
2023-05-08 13:21:04.677 [Thread-2] INFO  c.c.s.d.DisposablesRegistry - Finished cleanup
2023-05-08 13:23:27.534 [main] INFO  c.c.s.i.WebDriverThreadLocalContainer - No webdriver is bound to current thread: 1 - let's create a new webdriver
2023-05-08 13:23:27.583 [main] INFO  c.codeborne.selenide.impl.FileHelper - Creating folder: C:\Users\Filip\IdeaProjects\LTUCourseInfromation\build\downloads\1683545007560_32208_1
2023-05-08 13:23:27.909 [main] INFO  i.g.bonigarcia.wdm.WebDriverManager - Using chromedriver 113.0.5672.63 (resolved driver for Chrome 113)
2023-05-08 13:23:27.931 [main] INFO  i.g.bonigarcia.wdm.WebDriverManager - Exporting webdriver.chrome.driver as C:\Users\Filip\.cache\selenium\chromedriver\win32\113.0.5672.63\chromedriver.exe
2023-05-08 13:23:28.010 [main] INFO  c.c.s.w.SelenideNettyClientFactory - Changed readTimeout from PT3M to PT1M30S
2023-05-08 13:23:29.059 [main] INFO  c.c.s.w.SelenideNettyClientFactory - Changed readTimeout from PT3M to PT1M30S
2023-05-08 13:23:29.067 [main] INFO  c.c.s.w.SelenideNettyClientFactory - Changed readTimeout from PT3M to PT1M30S
2023-05-08 13:23:29.120 [main] INFO  c.c.s.webdriver.WebDriverFactory - BrowserName=chrome Version=113.0.5672.63 Platform=WINDOWS
2023-05-08 13:23:29.120 [main] INFO  c.c.s.webdriver.WebDriverFactory - Selenide v. 6.13.0
2023-05-08 13:23:29.120 [main] INFO  c.c.s.webdriver.WebDriverFactory - Selenium WebDriver v. 4.8.3 build revision: e5e76298c3
2023-05-08 13:23:29.120 [main] INFO  c.c.s.d.CreateDriverCommand - Created webdriver in thread 1: ChromeDriver -> ChromeDriver: chrome on WINDOWS (a2bdad097015e04839522505d6fc2f79)
2023-05-08 13:23:29.121 [main] INFO  c.c.s.d.DisposablesRegistry - Register WebDriverInstance[config=StaticConfig,webDriver=ChromeDriver: chrome on WINDOWS (a2bdad097015e04839522505d6fc2f79),proxy=null,downloadsFolder=C:\Users\Filip\IdeaProjects\LTUCourseInfromation\build\downloads\1683545007560_32208_1] in 1 [size=1]
2023-05-08 13:23:29.122 [main] INFO  c.c.s.d.DisposablesRegistry - Add shutdown hook in 1 [size=1]
2023-05-08 13:23:29.122 [main] INFO  c.c.s.i.WebDriverThreadLocalContainer - Browser and proxy will stay open due to holdBrowserOpen=true: 1 -> ChromeDriver: chrome on WINDOWS (a2bdad097015e04839522505d6fc2f79), null
2023-05-08 13:23:29.542 [main] INFO  LTUTestCase - Successfully opened webpage: Luleå tekniska universitet, LTU
2023-05-08 13:23:29.680 [main] INFO  LTUTestCase - Cockies notification has been closed
2023-05-08 13:23:29.974 [main] INFO  LTUTestCase - Student button successfully clicked
2023-05-08 13:23:30.437 [main] INFO  LTUTestCase - Login button successfully clicked
2023-05-08 13:23:32.112 [main] INFO  LTUTestCase - Credentials successfully entered and login button pressed
2023-05-08 13:23:34.245 [main] INFO  LTUTestCase - Kronox window selected
2023-05-08 13:23:34.330 [main] INFO  LTUTestCase - Username entered
2023-05-08 13:23:34.375 [main] INFO  LTUTestCase - Password entered
2023-05-08 13:23:34.828 [main] INFO  LTUTestCase - User logged in
2023-05-08 13:23:36.604 [main] INFO  LTUTestCase - Opened activity view
2023-05-08 13:23:36.697 [main] INFO  LTUTestCase - Infromation about exam collected
2023-05-08 13:23:36.697 [main] INFO  LTUTestCase - Information on website is not correct
2023-05-08 13:23:36.698 [Thread-2] INFO  c.c.s.d.DisposablesRegistry - Run cleanup: size=1
2023-05-08 13:23:36.698 [Thread-2] INFO  c.c.s.d.CloseDriverCommand - Hold browser and proxy open: 30 -> ChromeDriver: chrome on WINDOWS (a2bdad097015e04839522505d6fc2f79), null
2023-05-08 13:23:36.698 [Thread-2] INFO  c.c.s.d.DisposablesRegistry - Finished cleanup
2023-05-08 13:24:36.190 [main] INFO  c.c.s.i.WebDriverThreadLocalContainer - No webdriver is bound to current thread: 1 - let's create a new webdriver
2023-05-08 13:24:36.234 [main] INFO  c.codeborne.selenide.impl.FileHelper - Creating folder: C:\Users\Filip\IdeaProjects\LTUCourseInfromation\build\downloads\1683545076216_25144_1
2023-05-08 13:24:36.566 [main] INFO  i.g.bonigarcia.wdm.WebDriverManager - Using chromedriver 113.0.5672.63 (resolved driver for Chrome 113)
2023-05-08 13:24:36.586 [main] INFO  i.g.bonigarcia.wdm.WebDriverManager - Exporting webdriver.chrome.driver as C:\Users\Filip\.cache\selenium\chromedriver\win32\113.0.5672.63\chromedriver.exe
2023-05-08 13:24:36.670 [main] INFO  c.c.s.w.SelenideNettyClientFactory - Changed readTimeout from PT3M to PT1M30S
2023-05-08 13:24:37.702 [main] INFO  c.c.s.w.SelenideNettyClientFactory - Changed readTimeout from PT3M to PT1M30S
2023-05-08 13:24:37.708 [main] INFO  c.c.s.w.SelenideNettyClientFactory - Changed readTimeout from PT3M to PT1M30S
2023-05-08 13:24:37.757 [main] INFO  c.c.s.webdriver.WebDriverFactory - BrowserName=chrome Version=113.0.5672.63 Platform=WINDOWS
2023-05-08 13:24:37.757 [main] INFO  c.c.s.webdriver.WebDriverFactory - Selenide v. 6.13.0
2023-05-08 13:24:37.757 [main] INFO  c.c.s.webdriver.WebDriverFactory - Selenium WebDriver v. 4.8.3 build revision: e5e76298c3
2023-05-08 13:24:37.757 [main] INFO  c.c.s.d.CreateDriverCommand - Created webdriver in thread 1: ChromeDriver -> ChromeDriver: chrome on WINDOWS (2cc4237474d4ce6107062affe48850a8)
2023-05-08 13:24:37.758 [main] INFO  c.c.s.d.DisposablesRegistry - Register WebDriverInstance[config=StaticConfig,webDriver=ChromeDriver: chrome on WINDOWS (2cc4237474d4ce6107062affe48850a8),proxy=null,downloadsFolder=C:\Users\Filip\IdeaProjects\LTUCourseInfromation\build\downloads\1683545076216_25144_1] in 1 [size=1]
2023-05-08 13:24:37.759 [main] INFO  c.c.s.d.DisposablesRegistry - Add shutdown hook in 1 [size=1]
2023-05-08 13:24:37.759 [main] INFO  c.c.s.i.WebDriverThreadLocalContainer - Browser and proxy will stay open due to holdBrowserOpen=true: 1 -> ChromeDriver: chrome on WINDOWS (2cc4237474d4ce6107062affe48850a8), null
2023-05-08 13:24:38.154 [main] INFO  LTUTestCase - Successfully opened webpage: Luleå tekniska universitet, LTU
2023-05-08 13:24:38.308 [main] INFO  LTUTestCase - Cockies notification has been closed
2023-05-08 13:24:38.738 [main] INFO  LTUTestCase - Student button successfully clicked
2023-05-08 13:24:39.172 [main] INFO  LTUTestCase - Login button successfully clicked
2023-05-08 13:24:40.943 [main] INFO  LTUTestCase - Credentials successfully entered and login button pressed
2023-05-08 13:24:43.078 [main] INFO  LTUTestCase - Kronox window selected
2023-05-08 13:24:43.165 [main] INFO  LTUTestCase - Username entered
2023-05-08 13:24:43.211 [main] INFO  LTUTestCase - Password entered
2023-05-08 13:24:43.612 [main] INFO  LTUTestCase - User logged in
2023-05-08 13:24:45.340 [main] INFO  LTUTestCase - Opened activity view
2023-05-08 13:24:45.440 [main] INFO  LTUTestCase - Infromation about exam collected
2023-05-08 13:24:45.441 [main] INFO  LTUTestCase - Information on website is correct
2023-05-08 13:24:45.441 [Thread-2] INFO  c.c.s.d.DisposablesRegistry - Run cleanup: size=1
2023-05-08 13:24:45.442 [Thread-2] INFO  c.c.s.d.CloseDriverCommand - Hold browser and proxy open: 30 -> ChromeDriver: chrome on WINDOWS (2cc4237474d4ce6107062affe48850a8), null
2023-05-08 13:24:45.442 [Thread-2] INFO  c.c.s.d.DisposablesRegistry - Finished cleanup
2023-05-08 14:04:17.731 [main] INFO  c.c.s.i.WebDriverThreadLocalContainer - No webdriver is bound to current thread: 1 - let's create a new webdriver
2023-05-08 14:04:17.776 [main] INFO  c.codeborne.selenide.impl.FileHelper - Creating folder: C:\Users\Filip\IdeaProjects\LTUCourseInfromation\build\downloads\1683547457757_25180_1
2023-05-08 14:04:18.499 [main] INFO  i.g.bonigarcia.wdm.WebDriverManager - Using chromedriver 113.0.5672.63 (resolved driver for Chrome 113)
2023-05-08 14:04:18.510 [main] INFO  i.g.bonigarcia.wdm.WebDriverManager - Exporting webdriver.chrome.driver as C:\Users\Filip\.cache\selenium\chromedriver\win32\113.0.5672.63\chromedriver.exe
2023-05-08 14:04:18.569 [main] INFO  c.c.s.w.SelenideNettyClientFactory - Changed readTimeout from PT3M to PT1M30S
2023-05-08 14:04:19.552 [main] INFO  c.c.s.w.SelenideNettyClientFactory - Changed readTimeout from PT3M to PT1M30S
2023-05-08 14:04:19.558 [main] INFO  c.c.s.w.SelenideNettyClientFactory - Changed readTimeout from PT3M to PT1M30S
2023-05-08 14:04:19.605 [main] INFO  c.c.s.webdriver.WebDriverFactory - BrowserName=chrome Version=113.0.5672.63 Platform=WINDOWS
2023-05-08 14:04:19.605 [main] INFO  c.c.s.webdriver.WebDriverFactory - Selenide v. 6.13.0
2023-05-08 14:04:19.605 [main] INFO  c.c.s.webdriver.WebDriverFactory - Selenium WebDriver v. 4.8.3 build revision: e5e76298c3
2023-05-08 14:04:19.605 [main] INFO  c.c.s.d.CreateDriverCommand - Created webdriver in thread 1: ChromeDriver -> ChromeDriver: chrome on WINDOWS (4e9fd1cf9f6ed6f8789d72f50a776342)
2023-05-08 14:04:19.606 [main] INFO  c.c.s.d.DisposablesRegistry - Register WebDriverInstance[config=StaticConfig,webDriver=ChromeDriver: chrome on WINDOWS (4e9fd1cf9f6ed6f8789d72f50a776342),proxy=null,downloadsFolder=C:\Users\Filip\IdeaProjects\LTUCourseInfromation\build\downloads\1683547457757_25180_1] in 1 [size=1]
2023-05-08 14:04:19.607 [main] INFO  c.c.s.d.DisposablesRegistry - Add shutdown hook in 1 [size=1]
2023-05-08 14:04:19.607 [main] INFO  c.c.s.i.WebDriverThreadLocalContainer - Browser and proxy will stay open due to holdBrowserOpen=true: 1 -> ChromeDriver: chrome on WINDOWS (4e9fd1cf9f6ed6f8789d72f50a776342), null
2023-05-08 14:04:20.019 [main] INFO  LTUTestCase - Successfully opened webpage: Luleå tekniska universitet, LTU
2023-05-08 14:04:20.246 [main] INFO  LTUTestCase - Cockies notification has been closed
2023-05-08 14:04:20.671 [main] INFO  LTUTestCase - Student button successfully clicked
2023-05-08 14:04:21.077 [main] INFO  LTUTestCase - Login button successfully clicked
2023-05-08 14:04:23.031 [main] INFO  LTUTestCase - Credentials successfully entered and login button pressed
2023-05-08 14:04:25.243 [main] INFO  LTUTestCase - Kronox window selected
2023-05-08 14:04:25.331 [main] INFO  LTUTestCase - Username entered
2023-05-08 14:04:25.376 [main] INFO  LTUTestCase - Password entered
2023-05-08 14:04:25.831 [main] INFO  LTUTestCase - User logged in
2023-05-08 14:04:27.636 [main] INFO  LTUTestCase - Opened activity view
2023-05-08 14:04:27.721 [main] INFO  LTUTestCase - Information about exam collected
2023-05-08 14:04:27.721 [main] INFO  LTUTestCase - Information on website is correct
2023-05-08 14:04:27.722 [Thread-2] INFO  c.c.s.d.DisposablesRegistry - Run cleanup: size=1
2023-05-08 14:04:27.722 [Thread-2] INFO  c.c.s.d.CloseDriverCommand - Hold browser and proxy open: 30 -> ChromeDriver: chrome on WINDOWS (4e9fd1cf9f6ed6f8789d72f50a776342), null
2023-05-08 14:04:27.722 [Thread-2] INFO  c.c.s.d.DisposablesRegistry - Finished cleanup
2023-05-08 14:05:32.590 [main] INFO  c.c.s.i.WebDriverThreadLocalContainer - No webdriver is bound to current thread: 1 - let's create a new webdriver
2023-05-08 14:05:32.642 [main] INFO  c.codeborne.selenide.impl.FileHelper - Creating folder: C:\Users\Filip\IdeaProjects\LTUCourseInfromation\build\downloads\1683547532619_24048_1
2023-05-08 14:05:33.024 [main] INFO  i.g.bonigarcia.wdm.WebDriverManager - Using chromedriver 113.0.5672.63 (resolved driver for Chrome 113)
2023-05-08 14:05:33.044 [main] INFO  i.g.bonigarcia.wdm.WebDriverManager - Exporting webdriver.chrome.driver as C:\Users\Filip\.cache\selenium\chromedriver\win32\113.0.5672.63\chromedriver.exe
2023-05-08 14:05:33.123 [main] INFO  c.c.s.w.SelenideNettyClientFactory - Changed readTimeout from PT3M to PT1M30S
2023-05-08 14:05:34.170 [main] INFO  c.c.s.w.SelenideNettyClientFactory - Changed readTimeout from PT3M to PT1M30S
2023-05-08 14:05:34.177 [main] INFO  c.c.s.w.SelenideNettyClientFactory - Changed readTimeout from PT3M to PT1M30S
2023-05-08 14:05:34.226 [main] INFO  c.c.s.webdriver.WebDriverFactory - BrowserName=chrome Version=113.0.5672.63 Platform=WINDOWS
2023-05-08 14:05:34.226 [main] INFO  c.c.s.webdriver.WebDriverFactory - Selenide v. 6.13.0
2023-05-08 14:05:34.226 [main] INFO  c.c.s.webdriver.WebDriverFactory - Selenium WebDriver v. 4.8.3 build revision: e5e76298c3
2023-05-08 14:05:34.226 [main] INFO  c.c.s.d.CreateDriverCommand - Created webdriver in thread 1: ChromeDriver -> ChromeDriver: chrome on WINDOWS (2af6de3ccb87009ad0a8b3b97b58d1f9)
2023-05-08 14:05:34.228 [main] INFO  c.c.s.d.DisposablesRegistry - Register WebDriverInstance[config=StaticConfig,webDriver=ChromeDriver: chrome on WINDOWS (2af6de3ccb87009ad0a8b3b97b58d1f9),proxy=null,downloadsFolder=C:\Users\Filip\IdeaProjects\LTUCourseInfromation\build\downloads\1683547532619_24048_1] in 1 [size=1]
2023-05-08 14:05:34.228 [main] INFO  c.c.s.d.DisposablesRegistry - Add shutdown hook in 1 [size=1]
2023-05-08 14:05:34.228 [main] INFO  c.c.s.i.WebDriverThreadLocalContainer - Browser and proxy will stay open due to holdBrowserOpen=true: 1 -> ChromeDriver: chrome on WINDOWS (2af6de3ccb87009ad0a8b3b97b58d1f9), null
2023-05-08 14:05:34.765 [main] INFO  LTUTestCase - Successfully opened webpage: Luleå tekniska universitet, LTU
2023-05-08 14:05:35.038 [main] INFO  LTUTestCase - Cockies notification has been closed
2023-05-08 14:05:35.502 [main] INFO  LTUTestCase - Student button successfully clicked
2023-05-08 14:05:35.971 [main] INFO  LTUTestCase - Login button successfully clicked
2023-05-08 14:05:37.590 [main] INFO  LTUTestCase - Credentials successfully entered and login button pressed
2023-05-08 14:05:39.733 [main] INFO  LTUTestCase - Kronox window selected
2023-05-08 14:05:39.845 [main] INFO  LTUTestCase - Username entered
2023-05-08 14:05:39.899 [main] INFO  LTUTestCase - Password entered
2023-05-08 14:05:40.320 [main] INFO  LTUTestCase - User logged in
2023-05-08 14:05:42.049 [main] INFO  LTUTestCase - Opened activity view
2023-05-08 14:05:42.138 [main] INFO  LTUTestCase - Information about exam collected
2023-05-08 14:05:42.138 [main] INFO  LTUTestCase - Information on website is correct
2023-05-08 14:05:42.139 [Thread-2] INFO  c.c.s.d.DisposablesRegistry - Run cleanup: size=1
2023-05-08 14:05:42.140 [Thread-2] INFO  c.c.s.d.CloseDriverCommand - Hold browser and proxy open: 30 -> ChromeDriver: chrome on WINDOWS (2af6de3ccb87009ad0a8b3b97b58d1f9), null
2023-05-08 14:05:42.140 [Thread-2] INFO  c.c.s.d.DisposablesRegistry - Finished cleanup
2023-05-09 11:10:43.065 [main] INFO  c.c.s.i.WebDriverThreadLocalContainer - No webdriver is bound to current thread: 1 - let's create a new webdriver
2023-05-09 11:10:43.090 [main] INFO  c.codeborne.selenide.impl.FileHelper - Creating folder: C:\Users\Filip\IdeaProjects\LTUCourseInfromation\build\downloads\1683623443080_9788_1
2023-05-09 11:10:43.878 [main] INFO  i.g.bonigarcia.wdm.WebDriverManager - Using chromedriver 113.0.5672.63 (resolved driver for Chrome 113)
2023-05-09 11:10:43.889 [main] INFO  i.g.bonigarcia.wdm.WebDriverManager - Exporting webdriver.chrome.driver as C:\Users\Filip\.cache\selenium\chromedriver\win32\113.0.5672.63\chromedriver.exe
2023-05-09 11:10:43.948 [main] INFO  c.c.s.w.SelenideNettyClientFactory - Changed readTimeout from PT3M to PT1M30S
2023-05-09 11:10:45.271 [main] INFO  c.c.s.w.SelenideNettyClientFactory - Changed readTimeout from PT3M to PT1M30S
2023-05-09 11:10:45.277 [main] INFO  c.c.s.w.SelenideNettyClientFactory - Changed readTimeout from PT3M to PT1M30S
2023-05-09 11:10:45.327 [main] INFO  c.c.s.webdriver.WebDriverFactory - BrowserName=chrome Version=113.0.5672.92 Platform=WINDOWS
2023-05-09 11:10:45.327 [main] INFO  c.c.s.webdriver.WebDriverFactory - Selenide v. 6.13.0
2023-05-09 11:10:45.327 [main] INFO  c.c.s.webdriver.WebDriverFactory - Selenium WebDriver v. 4.8.3 build revision: e5e76298c3
2023-05-09 11:10:45.327 [main] INFO  c.c.s.d.CreateDriverCommand - Created webdriver in thread 1: ChromeDriver -> ChromeDriver: chrome on WINDOWS (8b4448ff8f7f4006211b9bd312c6002d)
2023-05-09 11:10:45.328 [main] INFO  c.c.s.d.DisposablesRegistry - Register WebDriverInstance[config=StaticConfig,webDriver=ChromeDriver: chrome on WINDOWS (8b4448ff8f7f4006211b9bd312c6002d),proxy=null,downloadsFolder=C:\Users\Filip\IdeaProjects\LTUCourseInfromation\build\downloads\1683623443080_9788_1] in 1 [size=1]
2023-05-09 11:10:45.329 [main] INFO  c.c.s.d.DisposablesRegistry - Add shutdown hook in 1 [size=1]
2023-05-09 11:10:45.329 [main] INFO  c.c.s.i.WebDriverThreadLocalContainer - Browser and proxy will stay open due to holdBrowserOpen=true: 1 -> ChromeDriver: chrome on WINDOWS (8b4448ff8f7f4006211b9bd312c6002d), null
2023-05-09 11:10:45.699 [main] INFO  LTUTestCase - Successfully opened webpage: Luleå tekniska universitet, LTU
2023-05-09 11:10:45.838 [main] INFO  LTUTestCase - Cockies notification has been closed
2023-05-09 11:10:46.364 [main] INFO  LTUTestCase - Student button successfully clicked
2023-05-09 11:10:46.781 [main] INFO  LTUTestCase - Login button successfully clicked
2023-05-09 11:10:48.525 [main] INFO  LTUTestCase - Credentials successfully entered and login button pressed
2023-05-09 11:10:50.649 [main] INFO  LTUTestCase - Kronox window selected
2023-05-09 11:10:50.728 [main] INFO  LTUTestCase - Username entered
2023-05-09 11:10:50.772 [main] INFO  LTUTestCase - Password entered
2023-05-09 11:10:51.164 [main] INFO  LTUTestCase - User logged in
2023-05-09 11:10:53.080 [main] INFO  LTUTestCase - Opened activity view
2023-05-09 11:10:53.165 [main] INFO  LTUTestCase - Information about exam collected
2023-05-09 11:10:53.173 [Thread-2] INFO  c.c.s.d.DisposablesRegistry - Run cleanup: size=1
2023-05-09 11:10:53.173 [Thread-2] INFO  c.c.s.d.CloseDriverCommand - Hold browser and proxy open: 30 -> ChromeDriver: chrome on WINDOWS (8b4448ff8f7f4006211b9bd312c6002d), null
2023-05-09 11:10:53.173 [Thread-2] INFO  c.c.s.d.DisposablesRegistry - Finished cleanup
2023-05-09 11:12:14.670 [main] INFO  c.c.s.i.WebDriverThreadLocalContainer - No webdriver is bound to current thread: 1 - let's create a new webdriver
2023-05-09 11:12:14.697 [main] INFO  c.codeborne.selenide.impl.FileHelper - Creating folder: C:\Users\Filip\IdeaProjects\LTUCourseInfromation\build\downloads\1683623534687_29716_1
2023-05-09 11:12:14.969 [main] INFO  i.g.bonigarcia.wdm.WebDriverManager - Using chromedriver 113.0.5672.63 (resolved driver for Chrome 113)
2023-05-09 11:12:14.985 [main] INFO  i.g.bonigarcia.wdm.WebDriverManager - Exporting webdriver.chrome.driver as C:\Users\Filip\.cache\selenium\chromedriver\win32\113.0.5672.63\chromedriver.exe
2023-05-09 11:12:15.053 [main] INFO  c.c.s.w.SelenideNettyClientFactory - Changed readTimeout from PT3M to PT1M30S
2023-05-09 11:12:16.072 [main] INFO  c.c.s.w.SelenideNettyClientFactory - Changed readTimeout from PT3M to PT1M30S
2023-05-09 11:12:16.078 [main] INFO  c.c.s.w.SelenideNettyClientFactory - Changed readTimeout from PT3M to PT1M30S
2023-05-09 11:12:16.121 [main] INFO  c.c.s.webdriver.WebDriverFactory - BrowserName=chrome Version=113.0.5672.92 Platform=WINDOWS
2023-05-09 11:12:16.121 [main] INFO  c.c.s.webdriver.WebDriverFactory - Selenide v. 6.13.0
2023-05-09 11:12:16.121 [main] INFO  c.c.s.webdriver.WebDriverFactory - Selenium WebDriver v. 4.8.3 build revision: e5e76298c3
2023-05-09 11:12:16.121 [main] INFO  c.c.s.d.CreateDriverCommand - Created webdriver in thread 1: ChromeDriver -> ChromeDriver: chrome on WINDOWS (ef44b6e0882cc906869b3ce36b5dcb7a)
2023-05-09 11:12:16.123 [main] INFO  c.c.s.d.DisposablesRegistry - Register WebDriverInstance[config=StaticConfig,webDriver=ChromeDriver: chrome on WINDOWS (ef44b6e0882cc906869b3ce36b5dcb7a),proxy=null,downloadsFolder=C:\Users\Filip\IdeaProjects\LTUCourseInfromation\build\downloads\1683623534687_29716_1] in 1 [size=1]
2023-05-09 11:12:16.123 [main] INFO  c.c.s.d.DisposablesRegistry - Add shutdown hook in 1 [size=1]
2023-05-09 11:12:16.123 [main] INFO  c.c.s.i.WebDriverThreadLocalContainer - Browser and proxy will stay open due to holdBrowserOpen=true: 1 -> ChromeDriver: chrome on WINDOWS (ef44b6e0882cc906869b3ce36b5dcb7a), null
2023-05-09 11:12:16.479 [main] INFO  LTUTestCase - Successfully opened webpage: Luleå tekniska universitet, LTU
2023-05-09 11:12:16.903 [main] INFO  LTUTestCase - Cockies notification has been closed
2023-05-09 11:12:17.295 [main] INFO  LTUTestCase - Student button successfully clicked
2023-05-09 11:12:17.725 [main] INFO  LTUTestCase - Login button successfully clicked
2023-05-09 11:12:19.300 [main] INFO  LTUTestCase - Credentials successfully entered and login button pressed
2023-05-09 11:12:21.426 [main] INFO  LTUTestCase - Kronox window selected
2023-05-09 11:12:21.508 [main] INFO  LTUTestCase - Username entered
2023-05-09 11:12:21.553 [main] INFO  LTUTestCase - Password entered
2023-05-09 11:12:21.954 [main] INFO  LTUTestCase - User logged in
2023-05-09 11:12:23.717 [main] INFO  LTUTestCase - Opened activity view
2023-05-09 11:12:23.802 [main] INFO  LTUTestCase - Information about exam collected
2023-05-09 11:12:23.810 [Thread-2] INFO  c.c.s.d.DisposablesRegistry - Run cleanup: size=1
2023-05-09 11:12:23.810 [Thread-2] INFO  c.c.s.d.CloseDriverCommand - Hold browser and proxy open: 30 -> ChromeDriver: chrome on WINDOWS (ef44b6e0882cc906869b3ce36b5dcb7a), null
2023-05-09 11:12:23.811 [Thread-2] INFO  c.c.s.d.DisposablesRegistry - Finished cleanup
2023-05-09 11:30:10.748 [main] INFO  c.c.s.i.WebDriverThreadLocalContainer - No webdriver is bound to current thread: 1 - let's create a new webdriver
2023-05-09 11:30:10.773 [main] INFO  c.codeborne.selenide.impl.FileHelper - Creating folder: C:\Users\Filip\IdeaProjects\LTUCourseInfromation\build\downloads\1683624610763_19160_1
2023-05-09 11:30:11.243 [main] INFO  i.g.bonigarcia.wdm.WebDriverManager - Using chromedriver 113.0.5672.63 (resolved driver for Chrome 113)
2023-05-09 11:30:11.255 [main] INFO  i.g.bonigarcia.wdm.WebDriverManager - Exporting webdriver.chrome.driver as C:\Users\Filip\.cache\selenium\chromedriver\win32\113.0.5672.63\chromedriver.exe
2023-05-09 11:30:11.317 [main] INFO  c.c.s.w.SelenideNettyClientFactory - Changed readTimeout from PT3M to PT1M30S
2023-05-09 11:30:12.236 [main] INFO  c.c.s.w.SelenideNettyClientFactory - Changed readTimeout from PT3M to PT1M30S
2023-05-09 11:30:12.243 [main] INFO  c.c.s.w.SelenideNettyClientFactory - Changed readTimeout from PT3M to PT1M30S
2023-05-09 11:30:12.287 [main] INFO  c.c.s.webdriver.WebDriverFactory - BrowserName=chrome Version=113.0.5672.92 Platform=WINDOWS
2023-05-09 11:30:12.287 [main] INFO  c.c.s.webdriver.WebDriverFactory - Selenide v. 6.13.0
2023-05-09 11:30:12.287 [main] INFO  c.c.s.webdriver.WebDriverFactory - Selenium WebDriver v. 4.8.3 build revision: e5e76298c3
2023-05-09 11:30:12.288 [main] INFO  c.c.s.d.CreateDriverCommand - Created webdriver in thread 1: ChromeDriver -> ChromeDriver: chrome on WINDOWS (e3c3bed5bdb80cfc2fa3df388001e7aa)
2023-05-09 11:30:12.289 [main] INFO  c.c.s.d.DisposablesRegistry - Register WebDriverInstance[config=StaticConfig,webDriver=ChromeDriver: chrome on WINDOWS (e3c3bed5bdb80cfc2fa3df388001e7aa),proxy=null,downloadsFolder=C:\Users\Filip\IdeaProjects\LTUCourseInfromation\build\downloads\1683624610763_19160_1] in 1 [size=1]
2023-05-09 11:30:12.289 [main] INFO  c.c.s.d.DisposablesRegistry - Add shutdown hook in 1 [size=1]
2023-05-09 11:30:12.289 [main] INFO  c.c.s.i.WebDriverThreadLocalContainer - Browser and proxy will stay open due to holdBrowserOpen=true: 1 -> ChromeDriver: chrome on WINDOWS (e3c3bed5bdb80cfc2fa3df388001e7aa), null
2023-05-09 11:30:12.665 [main] INFO  LTUTestCase - Successfully opened webpage: Luleå tekniska universitet, LTU
2023-05-09 11:30:13.093 [main] INFO  LTUTestCase - Cockies notification has been closed
2023-05-09 11:30:13.445 [main] INFO  LTUTestCase - Student button successfully clicked
2023-05-09 11:30:13.911 [main] INFO  LTUTestCase - Login button successfully clicked
2023-05-09 11:30:15.697 [main] INFO  LTUTestCase - Credentials successfully entered and login button pressed
2023-05-09 11:30:17.818 [main] INFO  LTUTestCase - Kronox window selected
2023-05-09 11:30:17.900 [main] INFO  LTUTestCase - Username entered
2023-05-09 11:30:17.945 [main] INFO  LTUTestCase - Password entered
2023-05-09 11:30:18.326 [main] INFO  LTUTestCase - User logged in
2023-05-09 11:30:20.100 [main] INFO  LTUTestCase - Opened activity view
2023-05-09 11:30:20.339 [main] INFO  LTUTestCase - Information about exam collected
2023-05-09 11:30:20.347 [Thread-2] INFO  c.c.s.d.DisposablesRegistry - Run cleanup: size=1
2023-05-09 11:30:20.347 [Thread-2] INFO  c.c.s.d.CloseDriverCommand - Hold browser and proxy open: 30 -> ChromeDriver: chrome on WINDOWS (e3c3bed5bdb80cfc2fa3df388001e7aa), null
2023-05-09 11:30:20.348 [Thread-2] INFO  c.c.s.d.DisposablesRegistry - Finished cleanup
2023-05-09 11:33:47.649 [main] INFO  c.c.s.i.WebDriverThreadLocalContainer - No webdriver is bound to current thread: 1 - let's create a new webdriver
2023-05-09 11:33:47.675 [main] INFO  c.codeborne.selenide.impl.FileHelper - Creating folder: C:\Users\Filip\IdeaProjects\LTUCourseInfromation\build\downloads\1683624827665_16884_1
2023-05-09 11:33:47.939 [main] INFO  i.g.bonigarcia.wdm.WebDriverManager - Using chromedriver 113.0.5672.63 (resolved driver for Chrome 113)
2023-05-09 11:33:47.954 [main] INFO  i.g.bonigarcia.wdm.WebDriverManager - Exporting webdriver.chrome.driver as C:\Users\Filip\.cache\selenium\chromedriver\win32\113.0.5672.63\chromedriver.exe
2023-05-09 11:33:48.014 [main] INFO  c.c.s.w.SelenideNettyClientFactory - Changed readTimeout from PT3M to PT1M30S
2023-05-09 11:33:49.100 [main] INFO  c.c.s.w.SelenideNettyClientFactory - Changed readTimeout from PT3M to PT1M30S
2023-05-09 11:33:49.112 [main] INFO  c.c.s.w.SelenideNettyClientFactory - Changed readTimeout from PT3M to PT1M30S
2023-05-09 11:33:49.184 [main] INFO  c.c.s.webdriver.WebDriverFactory - BrowserName=chrome Version=113.0.5672.92 Platform=WINDOWS
2023-05-09 11:33:49.184 [main] INFO  c.c.s.webdriver.WebDriverFactory - Selenide v. 6.13.0
2023-05-09 11:33:49.184 [main] INFO  c.c.s.webdriver.WebDriverFactory - Selenium WebDriver v. 4.8.3 build revision: e5e76298c3
2023-05-09 11:33:49.184 [main] INFO  c.c.s.d.CreateDriverCommand - Created webdriver in thread 1: ChromeDriver -> ChromeDriver: chrome on WINDOWS (75c5db08ec719d193cd4badfa7b9a936)
2023-05-09 11:33:49.185 [main] INFO  c.c.s.d.DisposablesRegistry - Register WebDriverInstance[config=StaticConfig,webDriver=ChromeDriver: chrome on WINDOWS (75c5db08ec719d193cd4badfa7b9a936),proxy=null,downloadsFolder=C:\Users\Filip\IdeaProjects\LTUCourseInfromation\build\downloads\1683624827665_16884_1] in 1 [size=1]
2023-05-09 11:33:49.186 [main] INFO  c.c.s.d.DisposablesRegistry - Add shutdown hook in 1 [size=1]
2023-05-09 11:33:49.186 [main] INFO  c.c.s.i.WebDriverThreadLocalContainer - Browser and proxy will stay open due to holdBrowserOpen=true: 1 -> ChromeDriver: chrome on WINDOWS (75c5db08ec719d193cd4badfa7b9a936), null
2023-05-09 11:33:49.619 [main] INFO  LTUTestCase - Successfully opened webpage: Luleå tekniska universitet, LTU
2023-05-09 11:33:49.737 [main] INFO  LTUTestCase - Cockies notification has been closed
2023-05-09 11:33:50.122 [main] INFO  LTUTestCase - Student button successfully clicked
2023-05-09 11:33:50.555 [main] INFO  LTUTestCase - Login button successfully clicked
2023-05-09 11:33:52.134 [main] INFO  LTUTestCase - Credentials successfully entered and login button pressed
2023-05-09 11:33:54.274 [main] INFO  LTUTestCase - Kronox window selected
2023-05-09 11:33:54.356 [main] INFO  LTUTestCase - Username entered
2023-05-09 11:33:54.401 [main] INFO  LTUTestCase - Password entered
2023-05-09 11:33:54.877 [main] INFO  LTUTestCase - User logged in
2023-05-09 11:33:56.582 [main] INFO  LTUTestCase - Opened activity view
2023-05-09 11:33:56.802 [main] INFO  LTUTestCase - Information about exam collected
2023-05-09 11:33:56.810 [Thread-2] INFO  c.c.s.d.DisposablesRegistry - Run cleanup: size=1
2023-05-09 11:33:56.810 [Thread-2] INFO  c.c.s.d.CloseDriverCommand - Hold browser and proxy open: 30 -> ChromeDriver: chrome on WINDOWS (75c5db08ec719d193cd4badfa7b9a936), null
2023-05-09 11:33:56.811 [Thread-2] INFO  c.c.s.d.DisposablesRegistry - Finished cleanup
2023-05-09 11:58:22.474 [main] INFO  c.c.s.i.WebDriverThreadLocalContainer - No webdriver is bound to current thread: 1 - let's create a new webdriver
2023-05-09 11:58:22.504 [main] INFO  c.codeborne.selenide.impl.FileHelper - Creating folder: C:\Users\Filip\IdeaProjects\LTUCourseInfromation\build\downloads\1683626302492_33412_1
2023-05-09 11:58:22.808 [main] INFO  i.g.bonigarcia.wdm.WebDriverManager - Using chromedriver 113.0.5672.63 (resolved driver for Chrome 113)
2023-05-09 11:58:22.827 [main] INFO  i.g.bonigarcia.wdm.WebDriverManager - Exporting webdriver.chrome.driver as C:\Users\Filip\.cache\selenium\chromedriver\win32\113.0.5672.63\chromedriver.exe
2023-05-09 11:58:22.898 [main] INFO  c.c.s.w.SelenideNettyClientFactory - Changed readTimeout from PT3M to PT1M30S
2023-05-09 11:58:24.091 [main] INFO  c.c.s.w.SelenideNettyClientFactory - Changed readTimeout from PT3M to PT1M30S
2023-05-09 11:58:24.099 [main] INFO  c.c.s.w.SelenideNettyClientFactory - Changed readTimeout from PT3M to PT1M30S
2023-05-09 11:58:24.154 [main] INFO  c.c.s.webdriver.WebDriverFactory - BrowserName=chrome Version=113.0.5672.92 Platform=WINDOWS
2023-05-09 11:58:24.155 [main] INFO  c.c.s.webdriver.WebDriverFactory - Selenide v. 6.13.0
2023-05-09 11:58:24.155 [main] INFO  c.c.s.webdriver.WebDriverFactory - Selenium WebDriver v. 4.8.3 build revision: e5e76298c3
2023-05-09 11:58:24.155 [main] INFO  c.c.s.d.CreateDriverCommand - Created webdriver in thread 1: ChromeDriver -> ChromeDriver: chrome on WINDOWS (d67132ff9b1a6c474213f3d91f87f29c)
2023-05-09 11:58:24.156 [main] INFO  c.c.s.d.DisposablesRegistry - Register WebDriverInstance[config=StaticConfig,webDriver=ChromeDriver: chrome on WINDOWS (d67132ff9b1a6c474213f3d91f87f29c),proxy=null,downloadsFolder=C:\Users\Filip\IdeaProjects\LTUCourseInfromation\build\downloads\1683626302492_33412_1] in 1 [size=1]
2023-05-09 11:58:24.157 [main] INFO  c.c.s.d.DisposablesRegistry - Add shutdown hook in 1 [size=1]
2023-05-09 11:58:24.157 [main] INFO  c.c.s.i.WebDriverThreadLocalContainer - Browser and proxy will stay open due to holdBrowserOpen=true: 1 -> ChromeDriver: chrome on WINDOWS (d67132ff9b1a6c474213f3d91f87f29c), null
2023-05-09 11:58:24.588 [main] INFO  LTUTestCase - Successfully opened webpage: Luleå tekniska universitet, LTU
2023-05-09 11:58:24.750 [main] INFO  LTUTestCase - Cockies notification has been closed
2023-05-09 11:58:25.148 [main] INFO  LTUTestCase - Student button successfully clicked
2023-05-09 11:58:25.662 [main] INFO  LTUTestCase - Login button successfully clicked
2023-05-09 11:58:27.585 [main] INFO  LTUTestCase - Credentials successfully entered and login button pressed
2023-05-09 11:58:29.730 [main] INFO  LTUTestCase - Kronox window selected
2023-05-09 11:58:29.822 [main] INFO  LTUTestCase - Username entered
2023-05-09 11:58:29.870 [main] INFO  LTUTestCase - Password entered
2023-05-09 11:58:30.288 [main] INFO  LTUTestCase - User logged in
2023-05-09 11:58:31.934 [main] INFO  LTUTestCase - Opened activity view
2023-05-09 11:58:32.187 [main] INFO  LTUTestCase - Information about exam collected
2023-05-09 11:58:32.198 [Thread-2] INFO  c.c.s.d.DisposablesRegistry - Run cleanup: size=1
2023-05-09 11:58:32.199 [Thread-2] INFO  c.c.s.d.CloseDriverCommand - Hold browser and proxy open: 30 -> ChromeDriver: chrome on WINDOWS (d67132ff9b1a6c474213f3d91f87f29c), null
2023-05-09 11:58:32.199 [Thread-2] INFO  c.c.s.d.DisposablesRegistry - Finished cleanup
